timeStamp,elapsed,label,responseCode,responseMessage,threadName,dataType,success,failureMessage,bytes,grpThreads,allThreads,Latency,IdleTime
1507531347297,187,HTTP请求,200,OK,线程组 1-2,text,true,,2781,10,10,187,0
1507531347194,307,HTTP请求,200,OK,线程组 1-1,text,true,,2781,10,10,307,0
1507531347274,224,HTTP请求,200,OK,线程组 1-6,text,true,,2781,10,10,224,0
1507531347265,217,HTTP请求,200,OK,线程组 1-9,text,true,,2781,10,10,217,0
1507531347279,228,HTTP请求,200,OK,线程组 1-8,text,true,,2781,10,10,228,0
1507531347312,235,HTTP请求,200,OK,线程组 1-10,text,true,,2781,10,10,235,0
1507531347516,39,HTTP请求,200,OK,线程组 1-8,text,true,,2781,10,10,39,0
1507531347252,299,HTTP请求,200,OK,线程组 1-3,text,true,,2781,10,10,299,0
1507531347513,50,HTTP请求,200,OK,线程组 1-1,text,true,,2781,10,10,50,0
1507531347519,53,HTTP请求,200,OK,线程组 1-9,text,true,,2781,10,10,53,0
1507531347557,15,HTTP请求,200,OK,线程组 1-8,text,true,,2781,10,10,15,0
1507531347500,78,HTTP请求,200,OK,线程组 1-2,text,true,,2781,10,10,78,0
1507531347511,71,HTTP请求,200,OK,线程组 1-6,text,true,,2781,10,10,71,0
1507531347274,316,HTTP请求,200,OK,线程组 1-4,text,true,,2781,10,10,316,0
1507531347233,357,HTTP请求,200,OK,线程组 1-5,text,true,,2781,10,10,357,0
1507531347269,325,HTTP请求,200,OK,线程组 1-7,text,true,,2781,10,10,325,0
1507531347573,38,HTTP请求,200,OK,线程组 1-8,text,true,,2781,10,10,38,0
1507531347560,51,HTTP请求,200,OK,线程组 1-3,text,true,,2781,10,10,51,0
1507531347573,45,HTTP请求,200,OK,线程组 1-9,text,true,,2781,10,10,45,0
1507531347549,74,HTTP请求,200,OK,线程组 1-10,text,true,,2781,10,10,74,0
1507531347591,62,HTTP请求,200,OK,线程组 1-4,text,true,,2781,10,10,62,0
1507531347591,67,HTTP请求,200,OK,线程组 1-5,text,true,,2781,10,10,67,0
1507531347597,62,HTTP请求,200,OK,线程组 1-7,text,true,,2781,10,10,62,0
1507531347572,90,HTTP请求,200,OK,线程组 1-1,text,true,,2781,10,10,90,0
1507531347584,80,HTTP请求,200,OK,线程组 1-6,text,true,,2781,10,10,80,0
1507531347580,88,HTTP请求,200,OK,线程组 1-2,text,true,,2781,10,10,88,0
1507531347624,52,HTTP请求,200,OK,线程组 1-10,text,true,,2781,10,10,52,0
1507531347665,20,HTTP请求,200,OK,线程组 1-6,text,true,,2781,10,10,20,0
1507531347616,72,HTTP请求,200,OK,线程组 1-3,text,true,,2781,10,10,72,0
1507531347669,21,HTTP请求,200,OK,线程组 1-2,text,true,,2781,10,10,21,0
1507531347619,82,HTTP请求,200,OK,线程组 1-9,text,true,,2781,10,10,82,0
1507531347673,32,HTTP请求,200,OK,线程组 1-7,text,true,,2781,10,10,32,0
1507531347612,94,HTTP请求,200,OK,线程组 1-8,text,true,,2781,10,10,94,0
1507531347659,50,HTTP请求,200,OK,线程组 1-5,text,true,,2781,10,10,50,0
1507531347654,57,HTTP请求,200,OK,线程组 1-4,text,true,,2781,10,10,57,0
1507531347663,50,HTTP请求,200,OK,线程组 1-1,text,true,,2781,10,10,50,0
1507531347689,28,HTTP请求,200,OK,线程组 1-3,text,true,,2781,10,10,28,0
1507531347702,19,HTTP请求,200,OK,线程组 1-9,text,true,,2781,10,10,19,0
1507531347678,53,HTTP请求,200,OK,线程组 1-10,text,true,,2781,10,10,53,0
1507531347710,37,HTTP请求,200,OK,线程组 1-5,text,true,,2781,10,10,37,0
1507531347714,38,HTTP请求,200,OK,线程组 1-1,text,true,,2781,10,10,38,0
1507531347708,44,HTTP请求,200,OK,线程组 1-7,text,true,,2781,10,10,44,0
1507531347718,38,HTTP请求,200,OK,线程组 1-3,text,true,,2781,10,10,38,0
1507531347722,38,HTTP请求,200,OK,线程组 1-9,text,true,,2781,10,10,38,0
1507531347712,55,HTTP请求,200,OK,线程组 1-4,text,true,,2781,10,10,55,0
1507531347749,19,HTTP请求,200,OK,线程组 1-5,text,true,,2781,10,10,19,0
1507531347753,23,HTTP请求,200,OK,线程组 1-1,text,true,,2781,10,10,23,0
1507531347707,74,HTTP请求,200,OK,线程组 1-8,text,true,,2781,10,10,74,0
1507531347761,21,HTTP请求,200,OK,线程组 1-9,text,true,,2781,10,10,21,0
1507531347686,98,HTTP请求,200,OK,线程组 1-6,text,true,,2781,10,10,98,0
1507531347691,98,HTTP请求,200,OK,线程组 1-2,text,true,,2781,10,10,98,0
1507531347754,36,HTTP请求,200,OK,线程组 1-7,text,true,,2781,10,10,36,0
1507531347732,63,HTTP请求,200,OK,线程组 1-10,text,true,,2781,10,10,63,0
1507531347782,25,HTTP请求,200,OK,线程组 1-8,text,true,,2781,10,10,25,0
1507531347786,22,HTTP请求,200,OK,线程组 1-6,text,true,,2781,10,10,22,0
1507531347771,39,HTTP请求,200,OK,线程组 1-4,text,true,,2781,10,10,39,0
1507531347790,22,HTTP请求,200,OK,线程组 1-2,text,true,,2781,10,10,22,0
1507531347796,19,HTTP请求,200,OK,线程组 1-10,text,true,,2781,10,10,19,0
1507531347771,45,HTTP请求,200,OK,线程组 1-5,text,true,,2781,10,10,45,0
1507531347777,42,HTTP请求,200,OK,线程组 1-1,text,true,,2781,10,10,42,0
1507531347783,39,HTTP请求,200,OK,线程组 1-9,text,true,,2781,10,10,39,0
1507531347757,68,HTTP请求,200,OK,线程组 1-3,text,true,,2781,10,10,68,0
1507531347809,19,HTTP请求,200,OK,线程组 1-6,text,true,,2781,10,10,19,0
1507531347817,37,HTTP请求,200,OK,线程组 1-5,text,true,,2781,10,10,37,0
1507531347813,47,HTTP请求,200,OK,线程组 1-2,text,true,,2781,10,10,47,0
1507531347808,53,HTTP请求,200,OK,线程组 1-8,text,true,,2781,10,10,53,0
1507531347816,48,HTTP请求,200,OK,线程组 1-10,text,true,,2781,10,10,48,0
1507531347791,78,HTTP请求,200,OK,线程组 1-7,text,true,,2781,10,10,78,0
1507531347829,45,HTTP请求,200,OK,线程组 1-6,text,true,,2781,10,10,45,0
1507531347826,50,HTTP请求,200,OK,线程组 1-3,text,true,,2781,10,10,50,0
1507531347820,41,HTTP请求,200,OK,线程组 1-1,text,true,,2781,10,10,41,0
1507531347864,16,HTTP请求,200,OK,线程组 1-10,text,true,,2781,10,10,16,0
1507531347861,18,HTTP请求,200,OK,线程组 1-2,text,true,,2781,10,10,18,0
1507531347873,20,HTTP请求,200,OK,线程组 1-7,text,true,,2781,10,10,20,0
1507531347823,73,HTTP请求,200,OK,线程组 1-9,text,true,,2781,10,10,73,0
1507531347811,53,HTTP请求,200,OK,线程组 1-4,text,true,,2781,10,10,53,0
1507531347881,26,HTTP请求,200,OK,线程组 1-10,text,true,,2781,10,10,26,0
1507531347876,37,HTTP请求,200,OK,线程组 1-3,text,true,,2781,10,10,37,0
1507531347866,50,HTTP请求,200,OK,线程组 1-5,text,true,,2781,10,10,49,0
1507531347881,37,HTTP请求,200,OK,线程组 1-1,text,true,,2781,10,10,37,0
1507531347897,25,HTTP请求,200,OK,线程组 1-9,text,true,,2781,10,10,24,0
1507531347894,31,HTTP请求,200,OK,线程组 1-7,text,true,,2781,9,9,31,0
1507531347862,72,HTTP请求,200,OK,线程组 1-8,text,true,,2781,9,9,71,0
1507531347884,54,HTTP请求,200,OK,线程组 1-2,text,true,,2781,9,9,54,0
1507531347876,64,HTTP请求,200,OK,线程组 1-6,text,true,,2781,9,9,64,0
1507531347913,39,HTTP请求,200,OK,线程组 1-3,text,true,,2781,9,9,39,0
1507531347916,39,HTTP请求,200,OK,线程组 1-5,text,true,,2781,9,9,39,0
1507531347909,49,HTTP请求,200,OK,线程组 1-10,text,true,,2781,9,9,49,0
1507531347919,41,HTTP请求,200,OK,线程组 1-1,text,true,,2781,8,8,41,0
1507531347900,64,HTTP请求,200,OK,线程组 1-4,text,true,,2781,7,7,64,0
1507531347926,43,HTTP请求,200,OK,线程组 1-7,text,true,,2781,7,7,43,0
1507531347937,33,HTTP请求,200,OK,线程组 1-8,text,true,,2781,7,7,33,0
1507531347941,29,HTTP请求,200,OK,线程组 1-6,text,true,,2781,7,7,29,0
1507531347956,16,HTTP请求,200,OK,线程组 1-5,text,true,,2781,5,5,15,0
1507531347939,34,HTTP请求,200,OK,线程组 1-2,text,true,,2781,4,4,34,0
1507531347953,24,HTTP请求,200,OK,线程组 1-3,text,true,,2781,3,3,24,0
1507531347965,19,HTTP请求,200,OK,线程组 1-4,text,true,,2781,2,2,19,0
1507531347970,20,HTTP请求,200,OK,线程组 1-7,text,true,,2781,2,2,20,0
1507531347988,23,HTTP请求,200,OK,线程组 1-4,text,true,,2781,1,1,23,0
1507531348012,42,HTTP请求,200,OK,线程组 1-4,text,true,,2781,1,1,42,0
1507531805018,137,HTTP请求,200,OK,线程组 1-3,text,true,,2781,9,9,137,0
1507531805023,132,HTTP请求,200,OK,线程组 1-7,text,true,,2781,9,9,131,0
1507531805019,136,HTTP请求,200,OK,线程组 1-4,text,true,,2781,9,9,135,0
1507531805026,164,HTTP请求,200,OK,线程组 1-5,text,true,,2781,10,10,163,0
1507531804999,194,HTTP请求,200,OK,线程组 1-1,text,true,,2781,10,10,194,0
1507531805082,112,HTTP请求,200,OK,线程组 1-9,text,true,,2781,10,10,112,0
1507531805037,157,HTTP请求,200,OK,线程组 1-6,text,true,,2781,10,10,157,0
1507531805029,167,HTTP请求,200,OK,线程组 1-8,text,true,,2781,10,10,167,0
1507531805033,163,HTTP请求,200,OK,线程组 1-2,text,true,,2781,10,10,163,0
1507531805165,57,HTTP请求,200,OK,线程组 1-3,text,true,,2781,10,10,57,0
1507531805165,57,HTTP请求,200,OK,线程组 1-7,text,true,,2781,10,10,57,0
1507531805181,46,HTTP请求,200,OK,线程组 1-10,text,true,,2781,10,10,41,0
1507531805165,64,HTTP请求,200,OK,线程组 1-4,text,true,,2781,10,10,64,0
1507531805190,42,HTTP请求,200,OK,线程组 1-5,text,true,,2781,10,10,42,0
1507531805198,34,HTTP请求,200,OK,线程组 1-2,text,true,,2781,10,10,34,0
1507531805197,36,HTTP请求,200,OK,线程组 1-8,text,true,,2781,10,10,36,0
1507531805194,39,HTTP请求,200,OK,线程组 1-9,text,true,,2781,10,10,39,0
1507531805194,40,HTTP请求,200,OK,线程组 1-6,text,true,,2781,10,10,40,0
1507531805194,39,HTTP请求,200,OK,线程组 1-1,text,true,,2781,10,10,39,0
1507531805222,53,HTTP请求,200,OK,线程组 1-7,text,true,,2781,10,10,53,0
1507531805222,52,HTTP请求,200,OK,线程组 1-3,text,true,,2781,10,10,52,0
1507531805228,49,HTTP请求,200,OK,线程组 1-10,text,true,,2781,10,10,49,0
1507531805229,47,HTTP请求,200,OK,线程组 1-4,text,true,,2781,10,10,47,0
1507531805233,47,HTTP请求,200,OK,线程组 1-2,text,true,,2781,10,10,47,0
1507531805233,51,HTTP请求,200,OK,线程组 1-5,text,true,,2781,10,10,51,0
1507531805234,62,HTTP请求,200,OK,线程组 1-9,text,true,,2781,10,10,62,0
1507531805233,66,HTTP请求,200,OK,线程组 1-8,text,true,,2781,10,10,66,0
1507531805234,65,HTTP请求,200,OK,线程组 1-1,text,true,,2781,10,10,65,0
1507531805235,66,HTTP请求,200,OK,线程组 1-6,text,true,,2781,10,10,65,0
1507531805280,33,HTTP请求,200,OK,线程组 1-4,text,true,,2781,10,10,33,0
1507531805278,68,HTTP请求,200,OK,线程组 1-10,text,true,,2781,10,10,58,0
1507531805282,65,HTTP请求,200,OK,线程组 1-2,text,true,,2781,10,10,65,0
1507531805277,75,HTTP请求,200,OK,线程组 1-7,text,true,,2781,10,10,70,0
1507531805285,68,HTTP请求,200,OK,线程组 1-5,text,true,,2781,10,10,68,0
1507531805300,55,HTTP请求,200,OK,线程组 1-8,text,true,,2781,10,10,55,0
1507531805302,56,HTTP请求,200,OK,线程组 1-6,text,true,,2781,10,10,56,0
1507531805280,80,HTTP请求,200,OK,线程组 1-3,text,true,,2781,10,10,80,0
1507531805298,63,HTTP请求,200,OK,线程组 1-9,text,true,,2781,10,10,63,0
1507531805307,100,HTTP请求,200,OK,线程组 1-1,text,true,,2781,10,10,100,0
1507531805314,94,HTTP请求,200,OK,线程组 1-4,text,true,,2781,10,10,94,0
1507531805348,63,HTTP请求,200,OK,线程组 1-10,text,true,,2781,10,10,63,0
1507531805351,64,HTTP请求,200,OK,线程组 1-2,text,true,,2781,10,10,64,0
1507531805356,62,HTTP请求,200,OK,线程组 1-8,text,true,,2781,10,10,62,0
1507531805359,60,HTTP请求,200,OK,线程组 1-6,text,true,,2781,10,10,60,0
1507531805361,73,HTTP请求,200,OK,线程组 1-3,text,true,,2781,10,10,61,0
1507531805353,83,HTTP请求,200,OK,线程组 1-7,text,true,,2781,10,10,83,0
1507531805355,83,HTTP请求,200,OK,线程组 1-5,text,true,,2781,10,10,83,0
1507531805362,81,HTTP请求,200,OK,线程组 1-9,text,true,,2781,10,10,81,0
1507531805409,38,HTTP请求,200,OK,线程组 1-4,text,true,,2781,10,10,38,0
1507531805408,44,HTTP请求,200,OK,线程组 1-1,text,true,,2781,10,10,44,0
1507531805419,137,HTTP请求,200,OK,线程组 1-8,text,true,,2781,10,10,136,0
1507531805412,169,HTTP请求,200,OK,线程组 1-10,text,true,,2781,10,10,144,0
1507531805420,163,HTTP请求,200,OK,线程组 1-6,text,true,,2781,10,10,163,0
1507531805435,148,HTTP请求,200,OK,线程组 1-3,text,true,,2781,10,10,148,0
1507531805437,147,HTTP请求,200,OK,线程组 1-7,text,true,,2781,10,10,147,0
1507531805416,170,HTTP请求,200,OK,线程组 1-2,text,true,,2781,10,10,170,0
1507531805439,149,HTTP请求,200,OK,线程组 1-5,text,true,,2781,10,10,149,0
1507531805444,147,HTTP请求,200,OK,线程组 1-9,text,true,,2781,10,10,147,0
1507531805448,143,HTTP请求,200,OK,线程组 1-4,text,true,,2781,10,10,143,0
1507531805453,145,HTTP请求,200,OK,线程组 1-1,text,true,,2781,10,10,145,0
1507531805557,46,HTTP请求,200,OK,线程组 1-8,text,true,,2781,10,10,44,0
1507531805584,21,HTTP请求,200,OK,线程组 1-3,text,true,,2781,10,10,21,0
1507531805582,22,HTTP请求,200,OK,线程组 1-10,text,true,,2781,10,10,22,0
1507531805585,24,HTTP请求,200,OK,线程组 1-7,text,true,,2781,10,10,24,0
1507531805589,25,HTTP请求,200,OK,线程组 1-5,text,true,,2781,10,10,25,0
1507531805584,28,HTTP请求,200,OK,线程组 1-6,text,true,,2781,10,10,28,0
1507531805589,23,HTTP请求,200,OK,线程组 1-2,text,true,,2781,10,10,23,0
1507531805595,38,HTTP请求,200,OK,线程组 1-4,text,true,,2781,10,10,21,0
1507531805594,40,HTTP请求,200,OK,线程组 1-9,text,true,,2781,10,10,40,0
1507531805605,44,HTTP请求,200,OK,线程组 1-8,text,true,,2781,10,10,44,0
1507531805606,43,HTTP请求,200,OK,线程组 1-3,text,true,,2781,10,10,43,0
1507531805599,50,HTTP请求,200,OK,线程组 1-1,text,true,,2781,10,10,50,0
1507531805610,47,HTTP请求,200,OK,线程组 1-7,text,true,,2781,10,10,47,0
1507531805608,50,HTTP请求,200,OK,线程组 1-10,text,true,,2781,10,10,49,0
1507531805615,70,HTTP请求,200,OK,线程组 1-5,text,true,,2781,10,10,67,0
1507531805621,67,HTTP请求,200,OK,线程组 1-2,text,true,,2781,10,10,66,0
1507531805618,73,HTTP请求,200,OK,线程组 1-6,text,true,,2781,10,10,72,0
1507531805635,61,HTTP请求,200,OK,线程组 1-4,text,true,,2781,10,10,61,0
1507531805635,64,HTTP请求,200,OK,线程组 1-9,text,true,,2781,10,10,63,0
1507531805650,56,HTTP请求,200,OK,线程组 1-3,text,true,,2781,10,10,56,0
1507531805653,57,HTTP请求,200,OK,线程组 1-8,text,true,,2781,10,10,57,0
1507531805658,57,HTTP请求,200,OK,线程组 1-7,text,true,,2781,10,10,57,0
1507531805659,66,HTTP请求,200,OK,线程组 1-10,text,true,,2781,10,10,66,0
1507531805653,62,HTTP请求,200,OK,线程组 1-1,text,true,,2781,10,10,62,0
1507531805698,49,HTTP请求,200,OK,线程组 1-4,text,true,,2781,10,10,49,0
1507531805688,105,HTTP请求,200,OK,线程组 1-2,text,true,,2781,9,9,105,0
1507531805692,107,HTTP请求,200,OK,线程组 1-6,text,true,,2781,9,9,107,0
1507531805717,80,HTTP请求,200,OK,线程组 1-7,text,true,,2781,9,9,80,0
1507531805700,102,HTTP请求,200,OK,线程组 1-9,text,true,,2781,8,8,102,0
1507531805707,90,HTTP请求,200,OK,线程组 1-3,text,true,,2781,9,9,90,0
1507531805711,84,HTTP请求,200,OK,线程组 1-8,text,true,,2781,9,9,84,0
1507531805728,81,HTTP请求,200,OK,线程组 1-1,text,true,,2781,6,6,81,0
1507531805688,106,HTTP请求,200,OK,线程组 1-5,text,true,,2781,9,9,106,0
1507531805726,88,HTTP请求,200,OK,线程组 1-10,text,true,,2781,6,6,88,0
1507531805799,19,HTTP请求,200,OK,线程组 1-2,text,true,,2781,6,6,19,0
1507531805800,22,HTTP请求,200,OK,线程组 1-6,text,true,,2781,5,5,22,0
1507531805804,19,HTTP请求,200,OK,线程组 1-9,text,true,,2781,5,5,19,0
1507531805811,26,HTTP请求,200,OK,线程组 1-5,text,true,,2781,3,3,26,0
1507531805811,28,HTTP请求,200,OK,线程组 1-1,text,true,,2781,2,2,28,0
1507531805815,30,HTTP请求,200,OK,线程组 1-10,text,true,,2781,1,1,30,0
1507532409949,59,HTTP请求,200,OK,线程组 1-3,text,true,,2781,7,7,59,0
1507532409975,34,HTTP请求,200,OK,线程组 1-7,text,true,,2781,7,7,34,0
1507532409948,61,HTTP请求,200,OK,线程组 1-4,text,true,,2781,7,7,60,0
1507532409948,61,HTTP请求,200,OK,线程组 1-1,text,true,,2781,7,7,60,0
1507532409946,62,HTTP请求,200,OK,线程组 1-6,text,true,,2781,7,7,62,0
1507532409936,72,HTTP请求,200,OK,线程组 1-5,text,true,,2781,7,7,72,0
1507532409943,66,HTTP请求,200,OK,线程组 1-2,text,true,,2781,7,7,66,0
1507532410018,30,HTTP请求,200,OK,线程组 1-6,text,true,,2781,7,7,30,0
1507532410021,27,HTTP请求,200,OK,线程组 1-2,text,true,,2781,7,7,27,0
1507532410019,34,HTTP请求,200,OK,线程组 1-5,text,true,,2781,7,7,33,0
1507532410018,36,HTTP请求,200,OK,线程组 1-1,text,true,,2781,7,7,36,0
1507532410018,37,HTTP请求,200,OK,线程组 1-7,text,true,,2781,7,7,36,0
1507532410019,36,HTTP请求,200,OK,线程组 1-4,text,true,,2781,7,7,35,0
1507532410020,35,HTTP请求,200,OK,线程组 1-3,text,true,,2781,7,7,35,0
1507532410048,12,HTTP请求,200,OK,线程组 1-6,text,true,,2781,7,7,12,0
1507532410049,12,HTTP请求,200,OK,线程组 1-2,text,true,,2781,7,7,12,0
1507532410053,11,HTTP请求,200,OK,线程组 1-5,text,true,,2781,7,7,10,0
1507532410054,16,HTTP请求,200,OK,线程组 1-1,text,true,,2781,7,7,16,0
1507532410056,14,HTTP请求,200,OK,线程组 1-7,text,true,,2781,7,7,14,0
1507532410056,14,HTTP请求,200,OK,线程组 1-4,text,true,,2781,7,7,14,0
1507532410057,14,HTTP请求,200,OK,线程组 1-3,text,true,,2781,7,7,14,0
1507532410061,16,HTTP请求,200,OK,线程组 1-2,text,true,,2781,8,8,15,0
1507532410061,17,HTTP请求,200,OK,线程组 1-6,text,true,,2781,8,8,17,0
1507532410070,11,HTTP请求,200,OK,线程组 1-1,text,true,,2781,8,8,11,0
1507532410064,18,HTTP请求,200,OK,线程组 1-5,text,true,,2781,8,8,18,0
1507532410071,12,HTTP请求,200,OK,线程组 1-4,text,true,,2781,8,8,12,0
1507532410071,13,HTTP请求,200,OK,线程组 1-3,text,true,,2781,8,8,13,0
1507532410072,12,HTTP请求,200,OK,线程组 1-7,text,true,,2781,8,8,12,0
1507532410078,12,HTTP请求,200,OK,线程组 1-6,text,true,,2781,8,8,12,0
1507532410075,15,HTTP请求,200,OK,线程组 1-8,text,true,,2781,8,8,15,0
1507532410077,22,HTTP请求,200,OK,线程组 1-2,text,true,,2781,8,8,22,0
1507532410082,21,HTTP请求,200,OK,线程组 1-1,text,true,,2781,8,8,21,0
1507532410083,20,HTTP请求,200,OK,线程组 1-5,text,true,,2781,8,8,20,0
1507532410083,20,HTTP请求,200,OK,线程组 1-4,text,true,,2781,8,8,20,0
1507532410084,20,HTTP请求,200,OK,线程组 1-7,text,true,,2781,8,8,20,0
1507532410084,19,HTTP请求,200,OK,线程组 1-3,text,true,,2781,8,8,19,0
1507532410103,15,HTTP请求,200,OK,线程组 1-5,text,true,,2781,8,8,15,0
1507532410091,27,HTTP请求,200,OK,线程组 1-6,text,true,,2781,8,8,27,0
1507532410091,27,HTTP请求,200,OK,线程组 1-8,text,true,,2781,8,8,27,0
1507532410103,15,HTTP请求,200,OK,线程组 1-1,text,true,,2781,8,8,11,0
1507532410104,15,HTTP请求,200,OK,线程组 1-4,text,true,,2781,8,8,15,0
1507532410105,14,HTTP请求,200,OK,线程组 1-3,text,true,,2781,8,8,14,0
1507532410105,15,HTTP请求,200,OK,线程组 1-7,text,true,,2781,8,8,15,0
1507532410099,22,HTTP请求,200,OK,线程组 1-2,text,true,,2781,8,8,22,0
1507532410120,31,HTTP请求,200,OK,线程组 1-3,text,true,,2781,8,8,31,0
1507532410118,34,HTTP请求,200,OK,线程组 1-6,text,true,,2781,8,8,33,0
1507532410119,33,HTTP请求,200,OK,线程组 1-1,text,true,,2781,8,8,33,0
1507532410119,33,HTTP请求,200,OK,线程组 1-8,text,true,,2781,8,8,33,0
1507532410118,34,HTTP请求,200,OK,线程组 1-5,text,true,,2781,8,8,34,0
1507532410120,33,HTTP请求,200,OK,线程组 1-7,text,true,,2781,8,8,33,0
1507532410120,34,HTTP请求,200,OK,线程组 1-4,text,true,,2781,8,8,34,0
1507532410122,37,HTTP请求,200,OK,线程组 1-2,text,true,,2781,8,8,37,0
1507532410152,8,HTTP请求,200,OK,线程组 1-6,text,true,,2781,8,8,8,0
1507532410152,11,HTTP请求,200,OK,线程组 1-3,text,true,,2781,8,8,10,0
1507532410152,11,HTTP请求,200,OK,线程组 1-1,text,true,,2781,8,8,11,0
1507532410153,12,HTTP请求,200,OK,线程组 1-7,text,true,,2781,8,8,12,0
1507532410153,13,HTTP请求,200,OK,线程组 1-5,text,true,,2781,8,8,13,0
1507532410153,13,HTTP请求,200,OK,线程组 1-8,text,true,,2781,8,8,13,0
1507532410154,12,HTTP请求,200,OK,线程组 1-4,text,true,,2781,8,8,12,0
1507532410159,11,HTTP请求,200,OK,线程组 1-2,text,true,,2781,8,8,10,0
1507532410160,11,HTTP请求,200,OK,线程组 1-6,text,true,,2781,8,8,11,0
1507532410163,10,HTTP请求,200,OK,线程组 1-3,text,true,,2781,9,9,9,0
1507532410163,11,HTTP请求,200,OK,线程组 1-1,text,true,,2781,9,9,11,0
1507532410167,12,HTTP请求,200,OK,线程组 1-4,text,true,,2781,9,9,12,0
1507532410167,13,HTTP请求,200,OK,线程组 1-8,text,true,,2781,9,9,13,0
1507532410170,15,HTTP请求,200,OK,线程组 1-2,text,true,,2781,9,9,15,0
1507532410167,18,HTTP请求,200,OK,线程组 1-5,text,true,,2781,9,9,18,0
1507532410172,14,HTTP请求,200,OK,线程组 1-6,text,true,,2781,9,9,14,0
1507532410165,19,HTTP请求,200,OK,线程组 1-7,text,true,,2781,9,9,19,0
1507532410175,12,HTTP请求,200,OK,线程组 1-1,text,true,,2781,9,9,12,0
1507532410173,15,HTTP请求,200,OK,线程组 1-3,text,true,,2781,7,7,15,0
1507532410176,14,HTTP请求,200,OK,线程组 1-9,text,true,,2781,6,6,14,0
1507532410180,21,HTTP请求,200,OK,线程组 1-4,text,true,,2781,6,6,21,0
1507532410180,21,HTTP请求,200,OK,线程组 1-8,text,true,,2781,6,6,13,0
1507532410185,18,HTTP请求,200,OK,线程组 1-2,text,true,,2781,5,5,18,0
1507532410185,18,HTTP请求,200,OK,线程组 1-5,text,true,,2781,5,5,18,0
1507532410187,24,HTTP请求,200,OK,线程组 1-7,text,true,,2781,3,3,24,0
1507532410191,21,HTTP请求,200,OK,线程组 1-9,text,true,,2781,2,2,21,0
1507532410202,13,HTTP请求,200,OK,线程组 1-8,text,true,,2781,2,2,13,0
1507532410212,10,HTTP请求,200,OK,线程组 1-9,text,true,,2781,2,2,10,0
1507532410215,12,HTTP请求,200,OK,线程组 1-8,text,true,,2781,2,2,12,0
1507532410222,31,HTTP请求,200,OK,线程组 1-9,text,true,,2781,2,2,31,0
1507532410228,31,HTTP请求,200,OK,线程组 1-8,text,true,,2781,2,2,31,0
1507532410254,14,HTTP请求,200,OK,线程组 1-9,text,true,,2781,2,2,11,0
1507532410259,11,HTTP请求,200,OK,线程组 1-8,text,true,,2781,2,2,9,0
1507532410268,9,HTTP请求,200,OK,线程组 1-9,text,true,,2781,2,2,9,0
1507532410284,30,HTTP请求,200,OK,线程组 1-10,text,true,,2781,2,2,12,0
1507532410287,27,HTTP请求,200,OK,线程组 1-9,text,true,,2781,2,2,27,0
1507532410315,12,HTTP请求,200,OK,线程组 1-9,text,true,,2781,2,2,12,0
1507532410315,16,HTTP请求,200,OK,线程组 1-10,text,true,,2781,2,2,16,0
1507532410328,32,HTTP请求,200,OK,线程组 1-9,text,true,,2781,2,2,32,0
1507532410332,32,HTTP请求,200,OK,线程组 1-10,text,true,,2781,2,2,32,0
1507532410361,11,HTTP请求,200,OK,线程组 1-9,text,true,,2781,2,2,11,0
1507532410365,11,HTTP请求,200,OK,线程组 1-10,text,true,,2781,1,1,11,0
1507532410377,11,HTTP请求,200,OK,线程组 1-10,text,true,,2781,1,1,11,0
1507532410389,18,HTTP请求,200,OK,线程组 1-10,text,true,,2781,1,1,18,0
1507532410408,13,HTTP请求,200,OK,线程组 1-10,text,true,,2781,1,1,13,0
1507532410422,11,HTTP请求,200,OK,线程组 1-10,text,true,,2781,1,1,11,0
1507532410434,29,HTTP请求,200,OK,线程组 1-10,text,true,,2781,1,1,29,0
1507532410464,10,HTTP请求,200,OK,线程组 1-10,text,true,,2781,1,1,10,0
1507532455511,66,HTTP请求,200,OK,线程组 1-1,text,true,,2781,9,9,66,0
1507532455511,66,HTTP请求,200,OK,线程组 1-8,text,true,,2781,9,9,66,0
1507532455510,70,HTTP请求,200,OK,线程组 1-2,text,true,,2781,9,9,70,0
1507532455510,67,HTTP请求,200,OK,线程组 1-6,text,true,,2781,9,9,67,0
1507532455506,74,HTTP请求,200,OK,线程组 1-9,text,true,,2781,9,9,74,0
1507532455511,66,HTTP请求,200,OK,线程组 1-3,text,true,,2781,9,9,66,0
1507532455510,67,HTTP请求,200,OK,线程组 1-4,text,true,,2781,9,9,67,0
1507532455507,70,HTTP请求,200,OK,线程组 1-5,text,true,,2781,9,9,70,0
1507532455586,28,HTTP请求,200,OK,线程组 1-8,text,true,,2781,9,9,28,0
1507532455587,28,HTTP请求,200,OK,线程组 1-9,text,true,,2781,9,9,27,0
1507532455587,28,HTTP请求,200,OK,线程组 1-5,text,true,,2781,9,9,28,0
1507532455586,31,HTTP请求,200,OK,线程组 1-1,text,true,,2781,9,9,31,0
1507532455587,30,HTTP请求,200,OK,线程组 1-2,text,true,,2781,9,9,30,0
1507532455586,31,HTTP请求,200,OK,线程组 1-4,text,true,,2781,9,9,31,0
1507532455586,38,HTTP请求,200,OK,线程组 1-6,text,true,,2781,9,9,38,0
1507532455586,37,HTTP请求,200,OK,线程组 1-3,text,true,,2781,9,9,37,0
1507532455616,22,HTTP请求,200,OK,线程组 1-9,text,true,,2781,9,9,22,0
1507532455617,22,HTTP请求,200,OK,线程组 1-1,text,true,,2781,9,9,22,0
1507532455617,22,HTTP请求,200,OK,线程组 1-2,text,true,,2781,10,10,22,0
1507532455616,22,HTTP请求,200,OK,线程组 1-5,text,true,,2781,9,9,22,0
1507532455615,24,HTTP请求,200,OK,线程组 1-8,text,true,,2781,9,9,24,0
1507532455617,23,HTTP请求,200,OK,线程组 1-4,text,true,,2781,10,10,23,0
1507532455624,22,HTTP请求,200,OK,线程组 1-6,text,true,,2781,10,10,22,0
1507532455625,22,HTTP请求,200,OK,线程组 1-3,text,true,,2781,10,10,22,0
1507532455639,10,HTTP请求,200,OK,线程组 1-1,text,true,,2781,10,10,10,0
1507532455639,14,HTTP请求,200,OK,线程组 1-9,text,true,,2781,10,10,14,0
1507532455641,14,HTTP请求,200,OK,线程组 1-4,text,true,,2781,10,10,14,0
1507532455641,14,HTTP请求,200,OK,线程组 1-8,text,true,,2781,10,10,14,0
1507532455640,16,HTTP请求,200,OK,线程组 1-2,text,true,,2781,10,10,16,0
1507532455640,16,HTTP请求,200,OK,线程组 1-5,text,true,,2781,10,10,16,0
1507532455644,13,HTTP请求,200,OK,线程组 1-10,text,true,,2781,10,10,13,0
1507532455647,24,HTTP请求,200,OK,线程组 1-6,text,true,,2781,10,10,23,0
1507532455648,31,HTTP请求,200,OK,线程组 1-3,text,true,,2781,10,10,31,0
1507532455650,29,HTTP请求,200,OK,线程组 1-1,text,true,,2781,10,10,29,0
1507532455654,25,HTTP请求,200,OK,线程组 1-9,text,true,,2781,10,10,25,0
1507532455655,28,HTTP请求,200,OK,线程组 1-4,text,true,,2781,10,10,28,0
1507532455656,27,HTTP请求,200,OK,线程组 1-5,text,true,,2781,10,10,27,0
1507532455656,27,HTTP请求,200,OK,线程组 1-8,text,true,,2781,10,10,27,0
1507532455657,29,HTTP请求,200,OK,线程组 1-10,text,true,,2781,10,10,29,0
1507532455656,30,HTTP请求,200,OK,线程组 1-2,text,true,,2781,10,10,30,0
1507532455671,23,HTTP请求,200,OK,线程组 1-6,text,true,,2781,10,10,23,0
1507532455680,14,HTTP请求,200,OK,线程组 1-3,text,true,,2781,10,10,14,0
1507532455680,14,HTTP请求,200,OK,线程组 1-1,text,true,,2781,10,10,14,0
1507532455680,34,HTTP请求,200,OK,线程组 1-9,text,true,,2781,10,10,34,0
1507532455684,33,HTTP请求,200,OK,线程组 1-4,text,true,,2781,10,10,33,0
1507532455684,33,HTTP请求,200,OK,线程组 1-5,text,true,,2781,10,10,33,0
1507532455685,35,HTTP请求,200,OK,线程组 1-8,text,true,,2781,10,10,32,0
1507532455687,37,HTTP请求,200,OK,线程组 1-2,text,true,,2781,10,10,37,0
1507532455687,37,HTTP请求,200,OK,线程组 1-10,text,true,,2781,10,10,37,0
1507532455694,38,HTTP请求,200,OK,线程组 1-1,text,true,,2781,10,10,38,0
1507532455694,39,HTTP请求,200,OK,线程组 1-3,text,true,,2781,10,10,36,0
1507532455694,42,HTTP请求,200,OK,线程组 1-6,text,true,,2781,10,10,42,0
1507532455715,22,HTTP请求,200,OK,线程组 1-9,text,true,,2781,10,10,22,0
1507532455719,20,HTTP请求,200,OK,线程组 1-4,text,true,,2781,10,10,20,0
1507532455718,25,HTTP请求,200,OK,线程组 1-5,text,true,,2781,10,10,25,0
1507532455721,22,HTTP请求,200,OK,线程组 1-8,text,true,,2781,10,10,22,0
1507532455725,19,HTTP请求,200,OK,线程组 1-10,text,true,,2781,10,10,19,0
1507532455724,21,HTTP请求,200,OK,线程组 1-2,text,true,,2781,10,10,21,0
1507532455733,16,HTTP请求,200,OK,线程组 1-1,text,true,,2781,10,10,16,0
1507532455733,17,HTTP请求,200,OK,线程组 1-3,text,true,,2781,10,10,17,0
1507532455737,15,HTTP请求,200,OK,线程组 1-9,text,true,,2781,10,10,15,0
1507532455737,16,HTTP请求,200,OK,线程组 1-6,text,true,,2781,10,10,16,0
1507532455744,11,HTTP请求,200,OK,线程组 1-8,text,true,,2781,10,10,11,0
1507532455739,19,HTTP请求,200,OK,线程组 1-4,text,true,,2781,10,10,19,0
1507532455743,15,HTTP请求,200,OK,线程组 1-5,text,true,,2781,10,10,15,0
1507532455745,14,HTTP请求,200,OK,线程组 1-10,text,true,,2781,10,10,14,0
1507532455746,13,HTTP请求,200,OK,线程组 1-2,text,true,,2781,10,10,13,0
1507532455750,24,HTTP请求,200,OK,线程组 1-1,text,true,,2781,10,10,24,0
1507532455751,26,HTTP请求,200,OK,线程组 1-3,text,true,,2781,10,10,23,0
1507532455753,26,HTTP请求,200,OK,线程组 1-9,text,true,,2781,10,10,26,0
1507532455756,23,HTTP请求,200,OK,线程组 1-8,text,true,,2781,10,10,23,0
1507532455754,33,HTTP请求,200,OK,线程组 1-6,text,true,,2781,10,10,33,0
1507532455758,32,HTTP请求,200,OK,线程组 1-4,text,true,,2781,10,10,31,0
1507532455758,32,HTTP请求,200,OK,线程组 1-5,text,true,,2781,10,10,32,0
1507532455760,31,HTTP请求,200,OK,线程组 1-2,text,true,,2781,10,10,31,0
1507532455759,34,HTTP请求,200,OK,线程组 1-10,text,true,,2781,10,10,34,0
1507532455506,290,HTTP请求,200,OK,线程组 1-7,text,true,,2781,10,10,290,0
1507532455778,18,HTTP请求,200,OK,线程组 1-3,text,true,,2781,10,10,18,0
1507532455774,41,HTTP请求,200,OK,线程组 1-1,text,true,,2781,10,10,41,0
1507532455780,36,HTTP请求,200,OK,线程组 1-9,text,true,,2781,10,10,36,0
1507532455780,36,HTTP请求,200,OK,线程组 1-8,text,true,,2781,10,10,36,0
1507532455790,26,HTTP请求,200,OK,线程组 1-4,text,true,,2781,9,9,26,0
1507532455790,34,HTTP请求,200,OK,线程组 1-5,text,true,,2781,6,6,34,0
1507532455792,36,HTTP请求,200,OK,线程组 1-2,text,true,,2781,5,5,36,0
1507532455793,36,HTTP请求,200,OK,线程组 1-10,text,true,,2781,5,5,36,0
1507532455787,42,HTTP请求,200,OK,线程组 1-6,text,true,,2781,4,4,42,0
1507532455796,44,HTTP请求,200,OK,线程组 1-7,text,true,,2781,4,4,44,0
1507532455796,44,HTTP请求,200,OK,线程组 1-3,text,true,,2781,4,4,44,0
1507532455829,17,HTTP请求,200,OK,线程组 1-6,text,true,,2781,3,3,17,0
1507532455829,21,HTTP请求,200,OK,线程组 1-10,text,true,,2781,2,2,21,0
1507532455840,13,HTTP请求,200,OK,线程组 1-7,text,true,,2781,2,2,13,0
1507532455850,21,HTTP请求,200,OK,线程组 1-10,text,true,,2781,2,2,21,0
1507532455853,27,HTTP请求,200,OK,线程组 1-7,text,true,,2781,2,2,23,0
1507532455872,15,HTTP请求,200,OK,线程组 1-10,text,true,,2781,2,2,15,0
1507532455881,15,HTTP请求,200,OK,线程组 1-7,text,true,,2781,1,1,13,0
1507532455897,26,HTTP请求,200,OK,线程组 1-7,text,true,,2781,1,1,26,0
1507532455924,17,HTTP请求,200,OK,线程组 1-7,text,true,,2781,1,1,16,0
1507532455942,12,HTTP请求,200,OK,线程组 1-7,text,true,,2781,1,1,12,0
1507532455955,20,HTTP请求,200,OK,线程组 1-7,text,true,,2781,1,1,20,0
1507532455976,19,HTTP请求,200,OK,线程组 1-7,text,true,,2781,1,1,18,0
1507628513852,294,HTTP请求,200,OK,线程组 1-1,text,true,,2781,10,10,294,0
1507628513829,315,HTTP请求,200,OK,线程组 1-10,text,true,,2781,10,10,315,0
1507628513895,250,HTTP请求,200,OK,线程组 1-5,text,true,,2781,10,10,250,0
1507628513883,261,HTTP请求,200,OK,线程组 1-4,text,true,,2781,10,10,261,0
1507628513903,243,HTTP请求,200,OK,线程组 1-3,text,true,,2781,10,10,243,0
1507628513858,286,HTTP请求,200,OK,线程组 1-9,text,true,,2781,10,10,286,0
1507628513874,281,HTTP请求,200,OK,线程组 1-6,text,true,,2781,10,10,281,0
1507628513795,355,HTTP请求,200,OK,线程组 1-7,text,true,,2781,10,10,355,0
1507628513783,372,HTTP请求,200,OK,线程组 1-2,text,true,,2781,10,10,361,0
1507628513879,284,HTTP请求,200,OK,线程组 1-8,text,true,,2781,10,10,284,0
1507628514226,49,HTTP请求,200,OK,线程组 1-1,text,true,,2781,10,10,49,0
1507628514232,43,HTTP请求,200,OK,线程组 1-6,text,true,,2781,10,10,43,0
1507628514234,50,HTTP请求,200,OK,线程组 1-8,text,true,,2781,10,10,50,0
1507628514227,58,HTTP请求,200,OK,线程组 1-10,text,true,,2781,10,10,58,0
1507628514233,53,HTTP请求,200,OK,线程组 1-2,text,true,,2781,10,10,53,0
1507628514231,56,HTTP请求,200,OK,线程组 1-9,text,true,,2781,10,10,56,0
1507628514233,54,HTTP请求,200,OK,线程组 1-7,text,true,,2781,10,10,54,0
1507628514229,57,HTTP请求,200,OK,线程组 1-4,text,true,,2781,10,10,57,0
1507628514230,129,HTTP请求,200,OK,线程组 1-5,text,true,,2781,10,10,129,0
1507628514229,131,HTTP请求,200,OK,线程组 1-3,text,true,,2781,10,10,131,0
1507628514288,87,HTTP请求,200,OK,线程组 1-8,text,true,,2781,10,10,87,0
1507628514276,100,HTTP请求,200,OK,线程组 1-6,text,true,,2781,10,10,100,0
1507628514276,100,HTTP请求,200,OK,线程组 1-1,text,true,,2781,10,10,100,0
1507628514289,86,HTTP请求,200,OK,线程组 1-4,text,true,,2781,10,10,86,0
1507628514287,92,HTTP请求,200,OK,线程组 1-2,text,true,,2781,10,10,92,0
1507628514288,87,HTTP请求,200,OK,线程组 1-9,text,true,,2781,10,10,87,0
1507628514290,93,HTTP请求,200,OK,线程组 1-7,text,true,,2781,10,10,93,0
1507628514361,28,HTTP请求,200,OK,线程组 1-5,text,true,,2781,10,10,28,0
1507628514376,26,HTTP请求,200,OK,线程组 1-6,text,true,,2781,10,10,26,0
1507628514376,27,HTTP请求,200,OK,线程组 1-8,text,true,,2781,10,10,27,0
1507628514379,27,HTTP请求,200,OK,线程组 1-4,text,true,,2781,10,10,27,0
1507628514361,46,HTTP请求,200,OK,线程组 1-3,text,true,,2781,10,10,45,0
1507628514378,38,HTTP请求,200,OK,线程组 1-1,text,true,,2781,10,10,38,0
1507628514381,36,HTTP请求,200,OK,线程组 1-2,text,true,,2781,10,10,36,0
1507628514381,44,HTTP请求,200,OK,线程组 1-9,text,true,,2781,10,10,44,0
1507628514384,42,HTTP请求,200,OK,线程组 1-7,text,true,,2781,10,10,41,0
1507628514390,55,HTTP请求,200,OK,线程组 1-5,text,true,,2781,10,10,55,0
1507628514286,159,HTTP请求,200,OK,线程组 1-10,text,true,,2781,10,10,159,0
1507628514408,55,HTTP请求,200,OK,线程组 1-3,text,true,,2781,10,10,55,0
1507628514404,60,HTTP请求,200,OK,线程组 1-8,text,true,,2781,10,10,60,0
1507628514403,62,HTTP请求,200,OK,线程组 1-6,text,true,,2781,10,10,61,0
1507628514418,50,HTTP请求,200,OK,线程组 1-2,text,true,,2781,10,10,50,0
1507628514407,62,HTTP请求,200,OK,线程组 1-4,text,true,,2781,10,10,62,0
1507628514417,51,HTTP请求,200,OK,线程组 1-1,text,true,,2781,10,10,51,0
1507628514446,25,HTTP请求,200,OK,线程组 1-10,text,true,,2781,10,10,25,0
1507628514427,45,HTTP请求,200,OK,线程组 1-7,text,true,,2781,10,10,45,0
1507628514446,28,HTTP请求,200,OK,线程组 1-5,text,true,,2781,10,10,28,0
1507628514426,53,HTTP请求,200,OK,线程组 1-9,text,true,,2781,10,10,53,0
1507628514466,23,HTTP请求,200,OK,线程组 1-6,text,true,,2781,10,10,23,0
1507628514469,36,HTTP请求,200,OK,线程组 1-8,text,true,,2781,10,10,35,0
1507628514470,36,HTTP请求,200,OK,线程组 1-4,text,true,,2781,10,10,36,0
1507628514466,42,HTTP请求,200,OK,线程组 1-3,text,true,,2781,10,10,42,0
1507628514469,49,HTTP请求,200,OK,线程组 1-2,text,true,,2781,10,10,39,0
1507628514472,55,HTTP请求,200,OK,线程组 1-10,text,true,,2781,10,10,55,0
1507628514475,52,HTTP请求,200,OK,线程组 1-5,text,true,,2781,10,10,52,0
1507628514472,59,HTTP请求,200,OK,线程组 1-1,text,true,,2781,10,10,57,0
1507628514481,53,HTTP请求,200,OK,线程组 1-9,text,true,,2781,10,10,53,0
1507628514474,71,HTTP请求,200,OK,线程组 1-7,text,true,,2781,10,10,71,0
1507628514506,48,HTTP请求,200,OK,线程组 1-8,text,true,,2781,10,10,47,0
1507628514507,49,HTTP请求,200,OK,线程组 1-4,text,true,,2781,10,10,49,0
1507628514509,49,HTTP请求,200,OK,线程组 1-3,text,true,,2781,10,10,49,0
1507628514490,77,HTTP请求,200,OK,线程组 1-6,text,true,,2781,10,10,77,0
1507628514534,36,HTTP请求,200,OK,线程组 1-9,text,true,,2781,10,10,33,0
1507628514532,39,HTTP请求,200,OK,线程组 1-1,text,true,,2781,10,10,39,0
1507628514537,36,HTTP请求,200,OK,线程组 1-5,text,true,,2781,10,10,36,0
1507628514556,18,HTTP请求,200,OK,线程组 1-8,text,true,,2781,10,10,18,0
1507628514557,20,HTTP请求,200,OK,线程组 1-4,text,true,,2781,10,10,20,0
1507628514519,60,HTTP请求,200,OK,线程组 1-2,text,true,,2781,10,10,60,0
1507628514528,52,HTTP请求,200,OK,线程组 1-10,text,true,,2781,10,10,51,0
1507628514546,38,HTTP请求,200,OK,线程组 1-7,text,true,,2781,10,10,38,0
1507628514571,21,HTTP请求,200,OK,线程组 1-9,text,true,,2781,10,10,20,0
1507628514572,22,HTTP请求,200,OK,线程组 1-1,text,true,,2781,10,10,22,0
1507628514568,40,HTTP请求,200,OK,线程组 1-6,text,true,,2781,10,10,34,0
1507628514575,36,HTTP请求,200,OK,线程组 1-8,text,true,,2781,10,10,36,0
1507628514563,94,HTTP请求,200,OK,线程组 1-3,text,true,,2781,10,10,94,0
1507628514578,80,HTTP请求,200,OK,线程组 1-4,text,true,,2781,10,10,80,0
1507628514575,84,HTTP请求,200,OK,线程组 1-5,text,true,,2781,10,10,38,0
1507628514612,56,HTTP请求,200,OK,线程组 1-8,text,true,,2781,10,10,56,0
1507628514596,75,HTTP请求,200,OK,线程组 1-1,text,true,,2781,9,9,75,0
1507628514593,81,HTTP请求,200,OK,线程组 1-9,text,true,,2781,9,9,81,0
1507628514580,97,HTTP请求,200,OK,线程组 1-10,text,true,,2781,9,9,97,0
1507628514585,92,HTTP请求,200,OK,线程组 1-7,text,true,,2781,9,9,92,0
1507628514580,96,HTTP请求,200,OK,线程组 1-2,text,true,,2781,9,9,95,0
1507628514662,46,HTTP请求,200,OK,线程组 1-4,text,true,,2781,9,9,46,0
1507628514664,44,HTTP请求,200,OK,线程组 1-5,text,true,,2781,9,9,44,0
1507628514658,54,HTTP请求,200,OK,线程组 1-3,text,true,,2781,8,8,53,0
1507628514609,104,HTTP请求,200,OK,线程组 1-6,text,true,,2781,8,8,104,0
1507628514680,40,HTTP请求,200,OK,线程组 1-7,text,true,,2781,8,8,40,0
1507628514678,43,HTTP请求,200,OK,线程组 1-10,text,true,,2781,8,8,43,0
1507628514678,45,HTTP请求,200,OK,线程组 1-9,text,true,,2781,8,8,45,0
1507628514682,72,HTTP请求,200,OK,线程组 1-2,text,true,,2781,7,7,43,0
1507628514672,83,HTTP请求,200,OK,线程组 1-1,text,true,,2781,7,7,83,0
1507628514713,67,HTTP请求,200,OK,线程组 1-3,text,true,,2781,6,6,67,0
1507628514710,70,HTTP请求,200,OK,线程组 1-5,text,true,,2781,6,6,70,0
1507628514714,68,HTTP请求,200,OK,线程组 1-6,text,true,,2781,5,5,68,0
1507628514721,75,HTTP请求,200,OK,线程组 1-7,text,true,,2781,4,4,75,0
1507628514723,74,HTTP请求,200,OK,线程组 1-10,text,true,,2781,4,4,74,0
1507628514755,64,HTTP请求,200,OK,线程组 1-2,text,true,,2781,3,3,64,0
1507628514781,77,HTTP请求,200,OK,线程组 1-3,text,true,,2781,2,2,77,0
1507628514798,69,HTTP请求,200,OK,线程组 1-10,text,true,,2781,1,1,60,0
